[debug] [2024-12-29T07:41:07.222Z] ----------------------------------------------------------------------
[debug] [2024-12-29T07:41:07.223Z] Command:       /Users/shintaro.itagaki/.nvm/versions/node/v22.6.0/bin/node /Users/shintaro.itagaki/.nvm/versions/node/v11.8.0/bin/firebase deploy
[debug] [2024-12-29T07:41:07.223Z] CLI Version:   12.5.4
[debug] [2024-12-29T07:41:07.223Z] Platform:      darwin
[debug] [2024-12-29T07:41:07.223Z] Node Version:  v22.6.0
[debug] [2024-12-29T07:41:07.224Z] Time:          Sun Dec 29 2024 16:41:07 GMT+0900 (日本標準時)
[debug] [2024-12-29T07:41:07.224Z] ----------------------------------------------------------------------
[debug] 
[debug] [2024-12-29T07:41:07.263Z] > command requires scopes: ["email","openid","https://www.googleapis.com/auth/cloudplatformprojects.readonly","https://www.googleapis.com/auth/firebase","https://www.googleapis.com/auth/cloud-platform"]
[debug] [2024-12-29T07:41:07.263Z] > authorizing via signed-in user (itagaki.shintaro@gmail.com)
[debug] [2024-12-29T07:41:07.263Z] [iam] checking project mahjong416 for permissions ["firebase.projects.get","firebasehosting.sites.update"]
[debug] [2024-12-29T07:41:07.264Z] >>> [apiv2][query] POST https://cloudresourcemanager.googleapis.com/v1/projects/mahjong416:testIamPermissions [none]
[debug] [2024-12-29T07:41:07.264Z] >>> [apiv2][(partial)header] POST https://cloudresourcemanager.googleapis.com/v1/projects/mahjong416:testIamPermissions x-goog-quota-user=projects/mahjong416
[debug] [2024-12-29T07:41:07.264Z] >>> [apiv2][body] POST https://cloudresourcemanager.googleapis.com/v1/projects/mahjong416:testIamPermissions {"permissions":["firebase.projects.get","firebasehosting.sites.update"]}
[debug] [2024-12-29T07:41:07.935Z] <<< [apiv2][status] POST https://cloudresourcemanager.googleapis.com/v1/projects/mahjong416:testIamPermissions 200
[debug] [2024-12-29T07:41:07.935Z] <<< [apiv2][body] POST https://cloudresourcemanager.googleapis.com/v1/projects/mahjong416:testIamPermissions {"permissions":["firebase.projects.get","firebasehosting.sites.update"]}
[debug] [2024-12-29T07:41:07.936Z] >>> [apiv2][query] GET https://firebase.googleapis.com/v1beta1/projects/mahjong416 [none]
[debug] [2024-12-29T07:41:08.267Z] <<< [apiv2][status] GET https://firebase.googleapis.com/v1beta1/projects/mahjong416 200
[debug] [2024-12-29T07:41:08.267Z] <<< [apiv2][body] GET https://firebase.googleapis.com/v1beta1/projects/mahjong416 {"projectId":"mahjong416","projectNumber":"330986708658","displayName":"mahjong416","name":"projects/mahjong416","resources":{"hostingSite":"mahjong416"},"state":"ACTIVE","etag":"1_6db090c6-81d1-4d5a-9ced-d27548522d36"}
[info] 
[info] === Deploying to 'mahjong416'...
[info] 
[info] i  deploying hosting 
[debug] [2024-12-29T07:41:08.272Z] >>> [apiv2][query] POST https://firebasehosting.googleapis.com/v1beta1/projects/-/sites/mahjong416/versions [none]
[debug] [2024-12-29T07:41:08.272Z] >>> [apiv2][body] POST https://firebasehosting.googleapis.com/v1beta1/projects/-/sites/mahjong416/versions {"status":"CREATED","labels":{"deployment-tool":"cli-firebase"}}
[debug] [2024-12-29T07:41:09.108Z] <<< [apiv2][status] POST https://firebasehosting.googleapis.com/v1beta1/projects/-/sites/mahjong416/versions 200
[debug] [2024-12-29T07:41:09.108Z] <<< [apiv2][body] POST https://firebasehosting.googleapis.com/v1beta1/projects/-/sites/mahjong416/versions {"name":"projects/330986708658/sites/mahjong416/versions/6e10552a5542d063","status":"CREATED","config":{},"labels":{"deployment-tool":"cli-firebase"}}
[info] i  hosting[mahjong416]: beginning deploy... 
[info] i  hosting[mahjong416]: found 18 files in public 
[debug] [2024-12-29T07:41:09.118Z] [hosting] uploading with 200 concurrency
[debug] [2024-12-29T07:41:09.139Z] [hosting] hash cache [cHVibGlj] stored for 18 files
[debug] [2024-12-29T07:41:09.139Z] [hosting][hash queue][FINAL] {"max":16,"min":0,"avg":6.388888888888889,"active":0,"complete":18,"success":18,"errored":0,"retried":0,"total":18,"elapsed":19}
[debug] [2024-12-29T07:41:09.139Z] >>> [apiv2][query] POST https://firebasehosting.googleapis.com/v1beta1/projects/330986708658/sites/mahjong416/versions/6e10552a5542d063:populateFiles [none]
[debug] [2024-12-29T07:41:09.139Z] >>> [apiv2][body] POST https://firebasehosting.googleapis.com/v1beta1/projects/330986708658/sites/mahjong416/versions/6e10552a5542d063:populateFiles {"files":{"/404.html":"545d1792708ef86dcb7c84510f9d7f2882162e1f538eecbeab38ef5b1d36a742","/filled-button-a7dde759.js":"035a7566ac5aeea5173ecf9048ff21170983e871a9ee3d5fbaeab0cc56d0fe5c","/pf-accordion-cc13577d.js":"b3e47131878ec42d2012cb43caae913ced9f9ad2f0e2b95d3f53ee9062543cc3","/select-option-2c22287d.js":"734ae8ad1fef98576ce0c8f05ce5fe6b2f8ca038164e3d424fcf20be00311066","/filled-button-87178736.js":"26fa6857ab062bbdefeb3ca40c0e63e3dfb8c9499ef226d84a3d85480f7c1b82","/index.html":"dd059bcb5ac33e864b86f1aadd634231cdeb027d209292f241d4f1bfdd63e449","/custom-element-6f1a92a3.js":"be0616380d87640ce3ef90169d5020c47bd7e75df37208b095b147dbefbc663e","/mahjong-menu.js":"192cb405c70fe2132499d44cad05919f190a2094d0c8c141734814f7e35add59","/mahjong-stats.js":"c288568fc88d6b8add08fe8adadaa4fb8494b6a06b27eafe683a58b2d3f762a9","/mahjong-calc.js":"13997103d11608258201de4b7fbe1787b3d9ddc8fa17e6892bbe1953ab8c6d7c","/map-7f5238f0.js":"fafcc5f191697871a072a6cb9bfa6cc5dc105c7f5ad0051aea3360b681b03fdf","/mahjong-today.js":"299f03439c19ec07ddfa996c8f42644c1933022d490c04166e55c33a9277dd9c","/mahjong-rule.js":"aecf6320440e513e0c78adc4f460fe09a7638f0cdf9529245c0b241bc5162375","/firestore-4afe899e.js":"95e6bf01aa0af48f85af97cae4ecb819f7a7e323394b9b21620831190ca165e9","/firestore-724ae668.js":"95e6bf01aa0af48f85af97cae4ecb819f7a7e323394b9b21620831190ca165e9","/pf-accordion-cc199819.js":"16688a1aaac0bd56b611d136505c63da56cdbc45ed14ebb0722c64c47d91ab12","/select-option-ec247a15.js":"2dd059d3be764ad692abecc667b94e9c49852e8ce6ae3fd7a1ba5e613c3303fa","/mahjong-individual.js":"03e0aa39cff85f1dae363de532cdf7cd74821c65fede44db23fca9b538132b4f"}}
[debug] [2024-12-29T07:41:09.541Z] <<< [apiv2][status] POST https://firebasehosting.googleapis.com/v1beta1/projects/330986708658/sites/mahjong416/versions/6e10552a5542d063:populateFiles 200
[debug] [2024-12-29T07:41:09.541Z] <<< [apiv2][body] POST https://firebasehosting.googleapis.com/v1beta1/projects/330986708658/sites/mahjong416/versions/6e10552a5542d063:populateFiles {"uploadRequiredHashes":["aecf6320440e513e0c78adc4f460fe09a7638f0cdf9529245c0b241bc5162375","03e0aa39cff85f1dae363de532cdf7cd74821c65fede44db23fca9b538132b4f","c288568fc88d6b8add08fe8adadaa4fb8494b6a06b27eafe683a58b2d3f762a9","13997103d11608258201de4b7fbe1787b3d9ddc8fa17e6892bbe1953ab8c6d7c","299f03439c19ec07ddfa996c8f42644c1933022d490c04166e55c33a9277dd9c"],"uploadUrl":"https://upload-firebasehosting.googleapis.com/upload/sites/mahjong416/versions/6e10552a5542d063/files"}
[debug] [2024-12-29T07:41:09.542Z] >>> [apiv2][query] POST https://upload-firebasehosting.googleapis.com/upload/sites/mahjong416/versions/6e10552a5542d063/files/aecf6320440e513e0c78adc4f460fe09a7638f0cdf9529245c0b241bc5162375 [none]
[debug] [2024-12-29T07:41:09.543Z] >>> [apiv2][body] POST https://upload-firebasehosting.googleapis.com/upload/sites/mahjong416/versions/6e10552a5542d063/files/aecf6320440e513e0c78adc4f460fe09a7638f0cdf9529245c0b241bc5162375 [stream]
[debug] [2024-12-29T07:41:09.544Z] >>> [apiv2][query] POST https://upload-firebasehosting.googleapis.com/upload/sites/mahjong416/versions/6e10552a5542d063/files/03e0aa39cff85f1dae363de532cdf7cd74821c65fede44db23fca9b538132b4f [none]
[debug] [2024-12-29T07:41:09.544Z] >>> [apiv2][body] POST https://upload-firebasehosting.googleapis.com/upload/sites/mahjong416/versions/6e10552a5542d063/files/03e0aa39cff85f1dae363de532cdf7cd74821c65fede44db23fca9b538132b4f [stream]
[debug] [2024-12-29T07:41:09.545Z] >>> [apiv2][query] POST https://upload-firebasehosting.googleapis.com/upload/sites/mahjong416/versions/6e10552a5542d063/files/c288568fc88d6b8add08fe8adadaa4fb8494b6a06b27eafe683a58b2d3f762a9 [none]
[debug] [2024-12-29T07:41:09.545Z] >>> [apiv2][body] POST https://upload-firebasehosting.googleapis.com/upload/sites/mahjong416/versions/6e10552a5542d063/files/c288568fc88d6b8add08fe8adadaa4fb8494b6a06b27eafe683a58b2d3f762a9 [stream]
[debug] [2024-12-29T07:41:09.546Z] >>> [apiv2][query] POST https://upload-firebasehosting.googleapis.com/upload/sites/mahjong416/versions/6e10552a5542d063/files/13997103d11608258201de4b7fbe1787b3d9ddc8fa17e6892bbe1953ab8c6d7c [none]
[debug] [2024-12-29T07:41:09.546Z] >>> [apiv2][body] POST https://upload-firebasehosting.googleapis.com/upload/sites/mahjong416/versions/6e10552a5542d063/files/13997103d11608258201de4b7fbe1787b3d9ddc8fa17e6892bbe1953ab8c6d7c [stream]
[debug] [2024-12-29T07:41:09.547Z] >>> [apiv2][query] POST https://upload-firebasehosting.googleapis.com/upload/sites/mahjong416/versions/6e10552a5542d063/files/299f03439c19ec07ddfa996c8f42644c1933022d490c04166e55c33a9277dd9c [none]
[debug] [2024-12-29T07:41:09.547Z] >>> [apiv2][body] POST https://upload-firebasehosting.googleapis.com/upload/sites/mahjong416/versions/6e10552a5542d063/files/299f03439c19ec07ddfa996c8f42644c1933022d490c04166e55c33a9277dd9c [stream]
[debug] [2024-12-29T07:41:09.549Z] [hosting][populate queue][FINAL] {"max":404,"min":404,"avg":404,"active":0,"complete":1,"success":1,"errored":0,"retried":0,"total":1,"elapsed":411}
[debug] [2024-12-29T07:41:09.550Z] [hosting] uploads queued: 5
